(---------------------------------------------------------------------)
(                                                                     )
(    Allegro Netrev Import Logic                                      )
(                                                                     )
(    Drawing          : SDI-12_HUMIDITY_ SENSOR_SCH_REVA_20190406.brd )
(    Software Version : 16.6S018                                      )
(    Date/Time        : Sun Apr 07 16:19:09 2019                      )
(                                                                     )
(---------------------------------------------------------------------)


------ Directives ------

RIPUP_ETCH FALSE;
RIPUP_DELETE_FIRST_SEGMENT FALSE;
RIPUP_RETAIN_BONDWIRE FALSE;
RIPUP_SYMBOLS ALWAYS;
Missing symbol has error FALSE;
SCHEMATIC_DIRECTORY 'E:/Project/SDI-12_Humidity_sensor/HW/SCH/Nestlist';
BOARD_DIRECTORY '';
OLD_BOARD_NAME 'E:/Project/SDI-12_Humidity_sensor/HW/PCB/SDI-12_HUMIDITY_ SENSOR_SCH_REVA_20190406.brd';
NEW_BOARD_NAME 'E:/Project/SDI-12_Humidity_sensor/HW/PCB/SDI-12_HUMIDITY_ SENSOR_SCH_REVA_20190406.brd';

CmdLine: c:\cadence\spb_16.6\tools\pcb\bin\netrev.exe  -$ -i E:/Project/SDI-12_Humidity_sensor/HW/SCH/Nestlist -u -t -y 1 -z -v E:/Project/SDI-12_Humidity_sensor/HW/PCB/#Taaaaaa08160.tmp

------ Preparing to read pst files ------

Starting to read E:/Project/SDI-12_Humidity_sensor/HW/SCH/Nestlist/pstchip.dat 
   Finished reading E:/Project/SDI-12_Humidity_sensor/HW/SCH/Nestlist/pstchip.dat (00:00:00.02)
Starting to read E:/Project/SDI-12_Humidity_sensor/HW/SCH/Nestlist/pstxprt.dat 
   Finished reading E:/Project/SDI-12_Humidity_sensor/HW/SCH/Nestlist/pstxprt.dat (00:00:00.00)
Starting to read E:/Project/SDI-12_Humidity_sensor/HW/SCH/Nestlist/pstxnet.dat 
   Finished reading E:/Project/SDI-12_Humidity_sensor/HW/SCH/Nestlist/pstxnet.dat (00:00:00.00)

------ Oversights/Warnings/Errors ------


------ Library Paths ------
MODULEPATH =  . 
           c:/cadence/spb_16.6/share/local/pcb/modules 

PSMPATH =  E:/Project/SDI-12_Humidity_sensor/HW/LIB/PCB/ 

PADPATH =  E:/Project/SDI-12_Humidity_sensor/HW/LIB/PCB/ 


------ Summary Statistics ------


netrev run on Apr 7 16:19:09 2019
   DESIGN NAME : 'SDI-12_HUMIDITY_SENSOR_20190406'
   PACKAGING ON Sep 14 2013 00:32:48

   COMPILE 'logic'
   CHECK_PIN_NAMES OFF
   CROSS_REFERENCE OFF
   FEEDBACK OFF
   INCREMENTAL OFF
   INTERFACE_TYPE PHYSICAL
   MAX_ERRORS 500
   MERGE_MINIMUM 5
   NET_NAME_CHARS '#%&()*+-./:=>?@[]^_`|'
   NET_NAME_LENGTH 24
   OVERSIGHTS ON
   REPLACE_CHECK OFF
   SINGLE_NODE_NETS ON
   SPLIT_MINIMUM 0
   SUPPRESS   20
   WARNINGS ON

 No error detected
 No oversight detected
 No warning detected

cpu time      0:00:26
elapsed time  0:00:00

