(---------------------------------------------------------------------)
(                                                                     )
(    QUICKPLACE LOG                                                   )
(                                                                     )
(    Drawing          : SDI-12_HUMIDITY_ SENSOR_SCH_REVA_20190406.brd )
(    Software Version : 16.6S018                                      )
(    Date/Time        : Sun Apr 07 16:20:34 2019                      )
(                                                                     )
(---------------------------------------------------------------------)


State: Placing on layer TOP

         Placed symbol:  U1 / STM8L151C6T6_34_QFP50P900X900-4 / QFP50P900X900-48 at (5.3000 -5.2985)
         Placed symbol:  CON2 / CON8_LSF_SMT_LSF-SMT_8L_1825660 / LSF-SMT_8L at (17.9000 -3.9500)
         Placed symbol:  U5 / IC_74LVC2G07GW_SOT363-6_74LVC2G / SOT363-6 at (27.0300 -1.6350)
         Placed symbol:  U6 / IC_NC7WZ14P6X_TSSOP65P-6_NC7WZ1 / TSSOP65P-6 at (30.1900 -1.6350)
         Placed symbol:  U7 / IC_NC7SZ125M5_SOT23-5_NC7SZ125M / SOT23-5 at (33.5200 -2.3250)
         Placed symbol:  U4 / IC_NC7SZ14M5_SOT23-5_NC7SZ14M5 / SOT23-5 at (37.0200 -2.3250)
         Placed symbol:  Y1 / CRYSTAL_OLD_XTAL_CX3225SB16000E / XTAL_CX3225SB16000E0FPZ25 at (40.7700 -1.9735)
         Placed symbol:  CON1 / CON_04_CON_B4B-EH-A_B4B-EH(LF)( / CON_B4B-EH-A at (-6.6000 47.7500)
         Placed symbol:  U3 / IC_MCP1703T-3302E/MB_SOT89_MCP1 / SOT89 at (45.2700 -2.4600)
         Placed symbol:  U2 / MCP1703T_SOT89_MCP1703T-5002E/M / SOT89 at (-2.6500 43.3400)
         Placed symbol:  C1 / CAP_CC0603_0.1UF / CC0603 at (-1.5500 39.5900)
         Placed symbol:  R13 / RES_RC0805_0R / RC0805 at (-1.6250 37.9400)
         Placed symbol:  C13 / CAP_CC0603_0.1UF / CC0603 at (-1.5500 36.3900)
         Placed symbol:  C10 / CAP_CC0603_0.1UF / CC0603 at (-1.5500 35.0400)
         Placed symbol:  C16 / CAP_CC0603_0.1UF / CC0603 at (-1.5500 33.6900)
         Placed symbol:  C2 / CAP_CC0603_0.1UF / CC0603 at (-1.5500 32.3400)
         Placed symbol:  C21 / CAP_CC0603_0.1UF / CC0603 at (-1.5500 30.9900)
         Placed symbol:  C22 / CAP_CC0603_0.1UF / CC0603 at (-1.5500 29.6400)
         Placed symbol:  C18 / CAP_CC0603_0.1UF / CC0603 at (-1.5500 28.2900)
         Placed symbol:  C6 / CAP_CC0603_0.1UF / CC0603 at (-1.5500 26.9400)
         Placed symbol:  C23 / CAP_CC0603_0.1UF / CC0603 at (-1.5500 25.5900)
         Placed symbol:  C19 / CAP_CC0603_1UF / CC0603 at (-1.5500 24.2400)
         Placed symbol:  C5 / CAP_CC0603_1UF / CC0603 at (-1.5500 22.8900)
         Placed symbol:  C8 / CAP_CC0603_1UF / CC0603 at (-1.5500 21.5400)
         Placed symbol:  C12 / CAP_CC0603_10UF / CC0603 at (-1.5500 20.1900)
         Placed symbol:  C17 / CAP_CC0603_10UF / CC0603 at (-1.5500 18.8400)
         Placed symbol:  C20 / CAP_CC0603_10UF / CC0603 at (-1.5500 17.4900)
         Placed symbol:  R12 / RES_RC0805_DNP_0R / RC0805 at (-1.6250 15.8400)
         Placed symbol:  C11 / CAP_CC0603_1UF / CC0603 at (-1.5500 14.2900)
         Placed symbol:  C24 / CAP_CC0603_3.3NF / CC0603 at (-1.5500 12.9400)
         Placed symbol:  C3 / CAP_CC0603_9.0PF / CC0603 at (-1.5500 11.5900)
         Placed symbol:  C4 / CAP_CC0603_9.0PF / CC0603 at (-1.5500 10.2400)
         Placed symbol:  C25 / CAPPOL_CAPT1206_100UF / CAPT1206 at (-2.2000 8.5150)
         Placed symbol:  D1 / DIODE_AK_DO-214AC_B350A-13-F / DO-214AC at (-3.8500 5.5650)
         Placed symbol:  D2 / DIO_SCHOTTKY_AK_DIOSOD323_PDZ7. / DIOSOD323 at (-1.7800 2.7600)
         Placed symbol:  L1 / INDUCTOR_INDC0603_MMZ1608R601A / INDC0603 at (-1.5500 1.2100)
         Placed symbol:  F1 / FUSE_FUSER_1206L012WR_1206L012W / FUSER_1206L012WR at (2.3500 -11.4485)
         Placed symbol:  L3 / INDUCTOR_INDC0603_MMZ1608R601A / INDC0603 at (5.8500 -11.0235)
         Placed symbol:  L4 / INDUCTOR_INDC1210H87_1UH / INDC1210H87 at (9.9000 -12.1485)
         Placed symbol:  R1 / RES_RC0603_4.7K / RC0603 at (13.9500 -11.0235)
         Placed symbol:  R10 / RES_RC0603_120K / RC0603 at (16.7500 -11.0235)
         Placed symbol:  R11 / RES_RC0603_180K / RC0603 at (19.5500 -11.0235)
         Placed symbol:  R2 / RES_RC0603_33R / RC0603 at (22.3500 -11.0235)
         Placed symbol:  R3 / RES_RC0603_330K / RC0603 at (25.1500 -11.0235)
         Placed symbol:  R4 / RES_RC0603_330K / RC0603 at (27.9500 -11.0235)
         Placed symbol:  R5 / RES_RC0603_510R / RC0603 at (30.7500 -11.0235)
         Placed symbol:  R6 / RES_RC0603_68R / RC0603 at (33.5500 -11.0235)
         Placed symbol:  R7 / RES_RC0603_220R / RC0603 at (36.3500 -11.0235)
         Placed symbol:  R8 / RES_RC0603_220R / RC0603 at (39.1500 -11.0235)
         Placed symbol:  R9 / RES_RC0603_200K / RC0603 at (41.9500 -11.0235)
         Placed symbol:  R16 / RES_RC0603_0R / RC0603 at (44.7500 -11.0235)
         Placed symbol:  R15 / RES_RC0603_0R / RC0603 at (47.5500 -11.0235)
         Placed symbol:  R14 / RES_RC0603_0R / RC0603 at (-14.4500 49.1750)
         Placed symbol:  C9 / CAP_CC0603_10UF / CC0603 at (-14.4500 47.8250)
         Placed symbol:  C15 / CAP_CC0603_1UF/50V / CC0603 at (-14.4500 46.4750)
         Placed symbol:  C7 / CAP_CC0603_1NF / CC0603 at (-14.4500 45.1250)
         Placed symbol:  L2 / INDUCTOR_INDC0603_MMZ1608R601A / INDC0603 at (-14.4500 43.7750)
         Placed symbol:  V1 / SPARK GAP_SPARK_GAP_SPARK GAP / SPARK_GAP at (-13.7850 42.2000)
         Placed symbol:  VR1 / ZENER_AK_DIO_DO214AA_SMB_SMBJ17 / DIO_DO214AA_SMB at (-16.6800 39.4367)
         Placed symbol:  TP5 / T POINT R_TP_80C_T POINT R / TP_80C at (-14.2500 35.9067)
         Placed symbol:  TP3 / T POINT R_TP_80C_T POINT R / TP_80C at (-14.2500 33.5067)
         Placed symbol:  TP4 / T POINT R_TP_80C_T POINT R / TP_80C at (-14.2500 31.1067)
         Placed symbol:  TP6 / T POINT R_TP_80C_T POINT R / TP_80C at (-14.2500 28.7067)
         Placed symbol:  FIDUCIAL3 / TP_FIDS100XS200_TP100 / FIDS100XS200 at (-14.2500 26.3067)
         Placed symbol:  FIDUCIAL2 / TP_FIDS100XS200_TP100 / FIDS100XS200 at (-14.2500 23.9067)
         Placed symbol:  FIDUCIAL1 / TP_FIDS100XS200_TP100 / FIDS100XS200 at (-14.2500 21.5067)
         Placed symbol:  TP10 / TP_TP100_TP100 / TP100 at (-13.7600 19.3317)
         Placed symbol:  TP2 / TP_TP100_TP100 / TP100 at (-13.7600 17.6467)
         Placed symbol:  TP7 / TP_TP100_TP100 / TP100 at (-13.7600 15.9617)
         Placed symbol:  TP8 / TP_TP100_TP100 / TP100 at (-13.7600 14.2767)
         Placed symbol:  TP9 / TP_TP100_TP100 / TP100 at (-13.7600 12.5917)
         Placed symbol:  TP1 / TP_TP100_TP100 / TP100 at (-13.7600 10.9067)


Placed 72 of 72 applicable (72 total) symbols.

-----------------------------------------------------------------------

