{ Using PSTWRITER 16.6.0 d001Apr-07-2019 at 16:18:42 }

#1 WARNING(ORCAP-36038): "No_connect" property on Pin "U1.18" ignored for U1: SCHEMATIC1, PAGE03 - MICROCONTROLLER (163.83, 80.01). Connecting pin to net "TXD".
#2 WARNING(ORCAP-36038): "No_connect" property on Pin "Y1.4" ignored for Y1: SCHEMATIC1, PAGE03 - MICROCONTROLLER (76.20, 113.03). Connecting pin to net "GND".
#3 WARNING(ORCAP-36038): "No_connect" property on Pin "Y1.2" ignored for Y1: SCHEMATIC1, PAGE03 - MICROCONTROLLER (76.20, 113.03). Connecting pin to net "GND".
#4 WARNING(ORCAP-36006): Part Name "CON_04_CON_B4B-EH-A_B4B-EH(LF)(SN)_455-1613-ND" is renamed to "CON_04_CON_B4B-EH-A_B4B-EH(LF)(".
#5 WARNING(ORCAP-36006): Part Name "CON8_LSF_SMT_LSF-SMT_8L_1825660000" is renamed to "CON8_LSF_SMT_LSF-SMT_8L_1825660".
#6 WARNING(ORCAP-36006): Part Name "DIO_SCHOTTKY_AK_DIOSOD323_PDZ7.5B" is renamed to "DIO_SCHOTTKY_AK_DIOSOD323_PDZ7.".
#7 WARNING(ORCAP-36006): Part Name "FUSE_FUSER_1206L012WR_1206L012WR" is renamed to "FUSE_FUSER_1206L012WR_1206L012W".
#8 WARNING(ORCAP-36006): Part Name "STM8L151C6T6_34_QFP50P900X900-48_STM8L151C6T6" is renamed to "STM8L151C6T6_34_QFP50P900X900-4".
#9 WARNING(ORCAP-36006): Part Name "MCP1703T_SOT89_MCP1703T-5002E/MB" is renamed to "MCP1703T_SOT89_MCP1703T-5002E/M".
#10 WARNING(ORCAP-36006): Part Name "IC_MCP1703T-3302E/MB_SOT89_MCP1703T-3302E/MB" is renamed to "IC_MCP1703T-3302E/MB_SOT89_MCP1".
#11 WARNING(ORCAP-36006): Part Name "IC_74LVC2G07GW_SOT363-6_74LVC2G07GW" is renamed to "IC_74LVC2G07GW_SOT363-6_74LVC2G".
#12 WARNING(ORCAP-36006): Part Name "IC_NC7WZ14P6X_TSSOP65P-6_NC7WZ14P6X" is renamed to "IC_NC7WZ14P6X_TSSOP65P-6_NC7WZ1".
#13 WARNING(ORCAP-36006): Part Name "IC_NC7SZ125M5_SOT23-5_NC7SZ125M5" is renamed to "IC_NC7SZ125M5_SOT23-5_NC7SZ125M".
#14 WARNING(ORCAP-36006): Part Name "ZENER_AK_DIO_DO214AA_SMB_SMBJ17A" is renamed to "ZENER_AK_DIO_DO214AA_SMB_SMBJ17".
#15 WARNING(ORCAP-36006): Part Name "CRYSTAL_OLD_XTAL_CX3225SB16000E0FPZ25_CRYSTAL 16MHZ" is renamed to "CRYSTAL_OLD_XTAL_CX3225SB16000E".
INFO(ORCAP-36080): Scanning netlist files ...

Loading... E:\PROJECT\SDI-12_HUMIDITY_SENSOR\HW\SCH\NESTLIST/pstchip.dat

Loading... E:\PROJECT\SDI-12_HUMIDITY_SENSOR\HW\SCH\NESTLIST/pstchip.dat

Loading... E:\PROJECT\SDI-12_HUMIDITY_SENSOR\HW\SCH\NESTLIST/pstxprt.dat

Loading... E:\PROJECT\SDI-12_HUMIDITY_SENSOR\HW\SCH\NESTLIST/pstxnet.dat
packaging the design view...