(---------------------------------------------------------------------)
(                                                                     )
(    DBDOCTOR                                                         )
(                                                                     )
(    Drawing          : atmega2560.dra                                )
(    Software Version : 16.6S018                                      )
(    Date/Time        : Sat Jun 22 22:22:08 2019                      )
(                                                                     )
(---------------------------------------------------------------------)



ERROR IN SHAPE (no segment)
  class = DEVICE TYPE
  subclass = ASSEMBLY_TOP 
  WARNING(SPMHA1-62): Illegal parent identifier.
   Error was fixed.

ERROR IN SHAPE (no segment)
  class = PACKAGE GEOMETRY
  subclass = ASSEMBLY_TOP 
  WARNING(SPMHA1-62): Illegal parent identifier.
   Error was fixed.

ERROR IN SHAPE (no segment)
  class = PACKAGE GEOMETRY
  subclass = ASSEMBLY_TOP 
  WARNING(SPMHA1-62): Illegal parent identifier.
   Error was fixed.

0 warnings, 3 errors detected, 3 errors  fixed.
